Using pre-set license
Built from '2020.2/staging' branch; Version is '2020.2.7f1 (c53830e277f1) revision 12924976'; Using compiler version '192528614'; Build Type 'Release'
OS: 'Windows 10 Home; OS build 22000.1335; Version 2009; 64bit' Language: 'en' Physical Memory: 16238 MB
BatchMode: 1, IsHumanControllingUs: 0, StartBugReporterOnCrash: 0, Is64bit: 1, IsPro: 0

 COMMAND LINE ARGUMENTS:
D:\uni\Unity\Editor\Unity.exe
-adb2
-batchMode
-noUpm
-name
AssetImportWorker0
-projectPath
D:/New_Example/quiz master
-logFile
Logs/AssetImportWorker0.log
-srvPort
2713
Successfully changed project path to: D:/New_Example/quiz master
D:/New_Example/quiz master
Using Asset Import Pipeline V2.
Refreshing native plugins compatible for Editor in 34.61 ms, found 1 plugins.
Preloading 0 native plugins for Editor in 0.00 ms.
Initialize engine version: 2020.2.7f1 (c53830e277f1)
[Subsystems] Discovering subsystems at path D:/uni/Unity/Editor/Data/Resources/UnitySubsystems
[Subsystems] Discovering subsystems at path D:/New_Example/quiz master/Assets
GfxDevice: creating device client; threaded=0
Direct3D:
    Version:  Direct3D 11.0 [level 11.1]
    Renderer: NVIDIA GeForce GTX 1050 Ti (ID=0x1c8c)
    Vendor:   
    VRAM:     4021 MB
    Driver:   31.0.15.2225
Initialize mono
Mono path[0] = 'D:/uni/Unity/Editor/Data/Managed'
Mono path[1] = 'D:/uni/Unity/Editor/Data/MonoBleedingEdge/lib/mono/unityjit'
Mono config path = 'D:/uni/Unity/Editor/Data/MonoBleedingEdge/etc'
Using monoOptions --debugger-agent=transport=dt_socket,embedding=1,server=y,suspend=n,address=127.0.0.1:56556
Begin MonoManager ReloadAssembly
Registering precompiled unity dll's ...
Register platform support module: D:/uni/Unity/Editor/Data/PlaybackEngines/WindowsStandaloneSupport/UnityEditor.WindowsStandalone.Extensions.dll
Registered in 0.002906 seconds.
Native extension for WindowsStandalone target not found
Refreshing native plugins compatible for Editor in 33.69 ms, found 1 plugins.
Preloading 0 native plugins for Editor in 0.00 ms.
Invoked RoslynAnalysisRunner static constructor.
RoslynAnalysisRunner will not be running.
RoslynAnalysisRunner has terminated.
Mono: successfully reloaded assembly
- Completed reload, in  1.235 seconds
Platform modules already initialized, skipping
Registering precompiled user dll's ...
Registered in 0.000849 seconds.
Begin MonoManager ReloadAssembly
Native extension for WindowsStandalone target not found
Refreshing native plugins compatible for Editor in 37.50 ms, found 1 plugins.
Preloading 0 native plugins for Editor in 0.00 ms.
Invoked RoslynAnalysisRunner static constructor.
RoslynAnalysisRunner will not be running.
RoslynAnalysisRunner has terminated.
Mono: successfully reloaded assembly
- Completed reload, in  1.070 seconds
Platform modules already initialized, skipping
========================================================================
Worker process is ready to serve import requests
Launched and connected shader compiler UnityShaderCompiler.exe after 0.07 seconds
Refreshing native plugins compatible for Editor in 0.55 ms, found 1 plugins.
Preloading 0 native plugins for Editor in 0.00 ms.
Unloading 1825 Unused Serialized files (Serialized files now loaded: 0)
System memory in use before: 86.6 MB.
System memory in use after: 86.5 MB.

Unloading 24 unused Assets to reduce memory usage. Loaded Objects now: 2268.
Total: 2.406700 ms (FindLiveObjects: 0.388100 ms CreateObjectMapping: 0.090000 ms MarkObjects: 1.717400 ms  DeleteObjects: 0.209800 ms)

========================================================================
Received Import Request.
  path: Assets/Scripts/New Question 3.asset
  artifactKey: Guid(f0d2c84e60914e74d979ffb85a3a6343) Importer(815301076,1909f56bfc062723c751e8b465ee728b)
Start importing Assets/Scripts/New Question 3.asset using Guid(f0d2c84e60914e74d979ffb85a3a6343) Importer(815301076,1909f56bfc062723c751e8b465ee728b)  -> (artifact id: '0722d6a8c59556b05305252aa154d357') in 0.043515 seconds
  Import took 0.048327 seconds .

========================================================================
Received Import Request.
  Time since last request: 0.000565 seconds.
  path: Assets/Scripts/New Question 1.asset
  artifactKey: Guid(48dae4b61c743b54aad4a136f0288cf4) Importer(815301076,1909f56bfc062723c751e8b465ee728b)
Start importing Assets/Scripts/New Question 1.asset using Guid(48dae4b61c743b54aad4a136f0288cf4) Importer(815301076,1909f56bfc062723c751e8b465ee728b)  -> (artifact id: '28b366c7dcf8d0ad1abb827dc6b92fb4') in 0.011206 seconds
  Import took 0.016932 seconds .

========================================================================
Received Import Request.
  Time since last request: 0.000548 seconds.
  path: Assets/Scripts/Quiz.cs
  artifactKey: Guid(e8ff3f7b2c6d949458ce4c2b9a59069b) Importer(815301076,1909f56bfc062723c751e8b465ee728b)
Start importing Assets/Scripts/Quiz.cs using Guid(e8ff3f7b2c6d949458ce4c2b9a59069b) Importer(815301076,1909f56bfc062723c751e8b465ee728b)  -> (artifact id: 'fc0f5b16bb45f1b086e348ee6b82a979') in 0.022334 seconds
  Import took 0.028211 seconds .

========================================================================
Received Import Request.
  Time since last request: 0.000330 seconds.
  path: Assets/Scripts/New Question 2.asset
  artifactKey: Guid(ca3dc4480a373bd4096fa115739b9a9b) Importer(815301076,1909f56bfc062723c751e8b465ee728b)
Start importing Assets/Scripts/New Question 2.asset using Guid(ca3dc4480a373bd4096fa115739b9a9b) Importer(815301076,1909f56bfc062723c751e8b465ee728b)  -> (artifact id: '698a8271892878e35f863365aec9a744') in 0.014148 seconds
  Import took 0.024833 seconds .

========================================================================
Received Import Request.
  Time since last request: 0.000866 seconds.
  path: Assets/Scripts/New Question 4.asset
  artifactKey: Guid(96f6cae8cecd5e84f9c7a58804fa0580) Importer(815301076,1909f56bfc062723c751e8b465ee728b)
Start importing Assets/Scripts/New Question 4.asset using Guid(96f6cae8cecd5e84f9c7a58804fa0580) Importer(815301076,1909f56bfc062723c751e8b465ee728b)  -> (artifact id: '185b26c65062c2bb346f7b75f17023bb') in 0.010674 seconds
  Import took 0.018614 seconds .

========================================================================
Received Import Request.
  Time since last request: 0.000374 seconds.
  path: Assets/Scripts/New Question.asset
  artifactKey: Guid(97203eec047e04641ba3212b94435f4a) Importer(815301076,1909f56bfc062723c751e8b465ee728b)
Start importing Assets/Scripts/New Question.asset using Guid(97203eec047e04641ba3212b94435f4a) Importer(815301076,1909f56bfc062723c751e8b465ee728b)  -> (artifact id: '6e00d39ed7b09974d3a3b0332d872533') in 0.023188 seconds
  Import took 0.031532 seconds .

AssetImportWorkerClient::OnTransportError - code=2 error=End of file
